<?xml version="1.0" encoding="UTF-8"?>
<testsuite xmlns:xsi="http://www.w3.org/2001/XMLSchema-instance" xsi:noNamespaceSchemaLocation="https://maven.apache.org/surefire/maven-surefire-plugin/xsd/surefire-test-report-3.0.xsd" version="3.0" name="org.apache.beam.examples.complete.game.StatefulTeamScoreTest" time="7.187" tests="3" errors="0" skipped="0" failures="0">
  <properties>
[...]
</properties>
  <testcase name="testScoreUpdatesPerWindow" classname="org.apache.beam.examples.complete.game.StatefulTeamScoreTest" time="7.187"/>
  <testcase name="testScoreUpdatesPerTeam" classname="org.apache.beam.examples.complete.game.StatefulTeamScoreTest" time="7.186"/>
  <testcase name="testScoreUpdatesOneTeam" classname="org.apache.beam.examples.complete.game.StatefulTeamScoreTest" time="7.125"/>
</testsuite>